[debug] [2024-04-14T22:01:14.833Z] ----------------------------------------------------------------------
[debug] [2024-04-14T22:01:14.835Z] Command:       C:\Program Files\nodejs\node.exe C:\Users\steve\AppData\Roaming\npm\node_modules\firebase-tools\lib\bin\firebase.js init
[debug] [2024-04-14T22:01:14.835Z] CLI Version:   12.9.1
[debug] [2024-04-14T22:01:14.835Z] Platform:      win32
[debug] [2024-04-14T22:01:14.835Z] Node Version:  v16.13.2
[debug] [2024-04-14T22:01:14.837Z] Time:          Sun Apr 14 2024 18:01:14 GMT-0400 (Eastern Daylight Time)
[debug] [2024-04-14T22:01:14.837Z] ----------------------------------------------------------------------
[debug] 
[debug] [2024-04-14T22:01:14.929Z] > command requires scopes: ["email","openid","https://www.googleapis.com/auth/cloudplatformprojects.readonly","https://www.googleapis.com/auth/firebase","https://www.googleapis.com/auth/cloud-platform"]
[debug] [2024-04-14T22:01:14.929Z] > authorizing via signed-in user (stevenelpocoamigo@gmail.com)
[info] 
     ######## #### ########  ######## ########     ###     ######  ########
     ##        ##  ##     ## ##       ##     ##  ##   ##  ##       ##
     ######    ##  ########  ######   ########  #########  ######  ######
     ##        ##  ##    ##  ##       ##     ## ##     ##       ## ##
     ##       #### ##     ## ######## ########  ##     ##  ######  ########

You're about to initialize a Firebase project in this directory:

  C:\Users\steve\OneDrive\Escritorio\NucampFolder\NucampFolder\WebDev\1-Web-Dev-Fundamentals\portfolioProject

Before we get started, keep in mind:

  * You are initializing within an existing Firebase project directory

